<?xml version="1.0" encoding="UTF-8"?>
<testng-results ignored="0" total="1" passed="1" failed="0" skipped="0">
  <reporter-output>
    <line>
      <![CDATA[Campaign has been created]]>
    </line>
  </reporter-output>
  <suite started-at="2025-03-06T10:49:26 IST" name="Suite" finished-at="2025-03-06T10:49:27 IST" duration-ms="80">
    <groups>
    </groups>
    <test started-at="2025-03-06T10:49:26 IST" name="Test" finished-at="2025-03-06T10:49:27 IST" duration-ms="80">
      <class name="com.easytrack.testscript.CampaignModule">
        <test-method signature="demo()[pri:0, instance:com.easytrack.testscript.CampaignModule@6ed3ccb2]" started-at="2025-03-06T10:49:27 IST" name="demo" finished-at="2025-03-06T10:49:27 IST" duration-ms="15" status="PASS">
          <reporter-output>
            <line>
              <![CDATA[Campaign has been created]]>
            </line>
          </reporter-output>
        </test-method> <!-- demo -->
      </class> <!-- com.easytrack.testscript.CampaignModule -->
    </test> <!-- Test -->
  </suite> <!-- Suite -->
</testng-results>
