<?xml version="1.0" encoding="UTF-8"?>
<testng-results ignored="0" total="1" passed="1" failed="0" skipped="0">
  <reporter-output>
    <line>
      <![CDATA[Qspiders]]>
    </line>
  </reporter-output>
  <suite started-at="2025-03-12T10:39:46 IST" name="Suite" finished-at="2025-03-12T10:39:51 IST" duration-ms="5326">
    <groups>
    </groups>
    <test started-at="2025-03-12T10:39:46 IST" name="Test" finished-at="2025-03-12T10:39:51 IST" duration-ms="5326">
      <class name="com.easytrack.testscript.CampaignModule">
        <test-method signature="demo()[pri:0, instance:com.easytrack.testscript.CampaignModule@1aafa419]" started-at="2025-03-12T10:39:46 IST" name="demo" finished-at="2025-03-12T10:39:51 IST" duration-ms="5251" status="PASS">
          <reporter-output>
            <line>
              <![CDATA[Qspiders]]>
            </line>
          </reporter-output>
        </test-method> <!-- demo -->
      </class> <!-- com.easytrack.testscript.CampaignModule -->
    </test> <!-- Test -->
  </suite> <!-- Suite -->
</testng-results>
